#-----------------------------------------------------------
# PlanAhead v14.7 (64-bit)
# Build 321239 by xbuild on Fri Sep 27 19:29:51 MDT 2013
# Start of session at: Thu Nov 24 19:43:11 2016
# Process ID: 3348
# Log file: D:/Junior/ComputerOrganization/CPU/jiyuan/cpu/planAhead_run_1/planAhead.log
# Journal file: D:/Junior/ComputerOrganization/CPU/jiyuan/cpu/planAhead_run_1/planAhead.jou
#-----------------------------------------------------------
INFO: [Common 17-78] Attempting to get a license: PlanAhead
INFO: [Common 17-290] Got license for PlanAhead
INFO: [Device 21-36] Loading parts and site information from D:/Xilinx/14.7/ISE_DS/PlanAhead/data/parts/arch.xml
Parsing RTL primitives file [D:/Xilinx/14.7/ISE_DS/PlanAhead/data/parts/xilinx/rtl/prims/rtl_prims.xml]
Finished parsing RTL primitives file [D:/Xilinx/14.7/ISE_DS/PlanAhead/data/parts/xilinx/rtl/prims/rtl_prims.xml]
start_gui
source D:/Junior/ComputerOrganization/CPU/jiyuan/cpu/pa.fromNetlist.tcl
# create_project -name cpu -dir "D:/Junior/ComputerOrganization/CPU/jiyuan/cpu/planAhead_run_1" -part xc3s1200efg320-4
# set_property design_mode GateLvl [get_property srcset [current_run -impl]]
# set_property edif_top_file "D:/Junior/ComputerOrganization/CPU/jiyuan/cpu/cpu.ngc" [ get_property srcset [ current_run ] ]
# add_files -norecurse { {D:/Junior/ComputerOrganization/CPU/jiyuan/cpu} }
# set_param project.pinAheadLayout  yes
# set_property target_constrs_file "cpu.ucf" [current_fileset -constrset]
Adding file 'D:/Junior/ComputerOrganization/CPU/jiyuan/cpu/cpu.ucf' to fileset 'constrs_1'
# add_files [list {cpu.ucf}] -fileset [get_property constrset [current_run]]
# link_design
Design is defaulting to srcset: sources_1
Design is defaulting to constrset: constrs_1
Design is defaulting to project part: xc3s1200efg320-4
Release 14.7 - ngc2edif P.20131013 (nt64)
Copyright (c) 1995-2013 Xilinx, Inc.  All rights reserved.
Reading design cpu.ngc ...
WARNING:NetListWriters:298 - No output is written to cpu.xncf, ignored.
Processing design ...
   Preping design's networks ...
   Preping design's macros ...
  finished :Prep
Writing EDIF netlist file cpu.edif ...
ngc2edif: Total memory usage is 82200 kilobytes

Parsing EDIF File [./planAhead_run_1/cpu.data/cache/cpu_ngc_zx.edif]
Finished Parsing EDIF File [./planAhead_run_1/cpu.data/cache/cpu_ngc_zx.edif]
INFO: [Designutils 20-910] Reading macro library D:/Xilinx/14.7/ISE_DS/PlanAhead/data\./parts/xilinx/spartan3e/spartan3e/hd_int_macros.edn
Parsing EDIF File [D:/Xilinx/14.7/ISE_DS/PlanAhead/data\./parts/xilinx/spartan3e/spartan3e/hd_int_macros.edn]
Finished Parsing EDIF File [D:/Xilinx/14.7/ISE_DS/PlanAhead/data\./parts/xilinx/spartan3e/spartan3e/hd_int_macros.edn]
Loading clock regions from D:/Xilinx/14.7/ISE_DS/PlanAhead/data\parts/xilinx/spartan3e/spartan3e/xc3s1200e/ClockRegion.xml
Loading clock buffers from D:/Xilinx/14.7/ISE_DS/PlanAhead/data\parts/xilinx/spartan3e/spartan3e/xc3s1200e/ClockBuffers.xml
Loading package from D:/Xilinx/14.7/ISE_DS/PlanAhead/data\parts/xilinx/spartan3e/spartan3e/xc3s1200e/fg320/Package.xml
Loading io standards from D:/Xilinx/14.7/ISE_DS/PlanAhead/data\./parts/xilinx/spartan3e/IOStandards.xml
INFO: [Device 21-19] Loading pkg sso from D:/Xilinx/14.7/ISE_DS/PlanAhead/data\parts/xilinx/spartan3e/spartan3e/xc3s1200e/fg320/SSORules.xml
Loading list of drcs for the architecture : D:/Xilinx/14.7/ISE_DS/PlanAhead/data\./parts/xilinx/spartan3e/spartan3e/drc.xml
INFO: [Timing 38-77] Reading timing library D:/Xilinx/14.7/ISE_DS/PlanAhead/data\parts/xilinx/spartan3e/spartan3e/spartan3e-4.lib.
INFO: [Timing 38-34] Done reading timing library D:/Xilinx/14.7/ISE_DS/PlanAhead/data\parts/xilinx/spartan3e/spartan3e/spartan3e-4.lib.
Parsing UCF File [D:/Junior/ComputerOrganization/CPU/jiyuan/cpu/cpu.ucf]
Finished Parsing UCF File [D:/Junior/ComputerOrganization/CPU/jiyuan/cpu/cpu.ucf]
INFO: [Project 1-111] Unisim Transformation Summary:
No Unisim elements were transformed.

Phase 0 | Netlist Checksum: 0b0cdc4f
link_design: Time (s): elapsed = 00:00:09 . Memory (MB): peak = 561.082 ; gain = 144.348
exit
ERROR: [PlanAhead 12-106] *** Exception: ui.h.b: Found deleted key in HTclEventBroker. Verify if the classes listed here call cleanup()
HTclEvent: DEBUG_CORE_CONFIG_CHANGE   Classes: ui.views.aR 
HTclEvent: SIGNAL_MODIFY   Classes: ui.views.aR 
HTclEvent: DEBUG_PORT_CONFIG_CHANGE   Classes: ui.views.aR 
HTclEvent: SIGNAL_BUS_MODIFY   Classes: ui.views.aR 
 (See D:/Junior/ComputerOrganization/CPU/jiyuan/cpu\planAhead_pid3348.debug)
ERROR: [Common 17-39] 'stop_gui' failed due to earlier errors.
INFO: [Common 17-206] Exiting PlanAhead at Thu Nov 24 19:44:34 2016...
INFO: [Common 17-83] Releasing license: PlanAhead
