#-----------------------------------------------------------
# PlanAhead v14.7 (64-bit)
# Build 321239 by xbuild on Fri Sep 27 19:29:51 MDT 2013
# Start of session at: Sat Nov 26 21:09:46 2016
# Process ID: 836
# Log file: D:/Junior/ComputerOrganization/CPU/jiyuan/cpu/planAhead_run_2/planAhead.log
# Journal file: D:/Junior/ComputerOrganization/CPU/jiyuan/cpu/planAhead_run_2/planAhead.jou
#-----------------------------------------------------------
INFO: [Common 17-78] Attempting to get a license: PlanAhead
INFO: [Common 17-290] Got license for PlanAhead
INFO: [Device 21-36] Loading parts and site information from D:/Xilinx/14.7/ISE_DS/PlanAhead/data/parts/arch.xml
Parsing RTL primitives file [D:/Xilinx/14.7/ISE_DS/PlanAhead/data/parts/xilinx/rtl/prims/rtl_prims.xml]
Finished parsing RTL primitives file [D:/Xilinx/14.7/ISE_DS/PlanAhead/data/parts/xilinx/rtl/prims/rtl_prims.xml]
start_gui
source D:/Junior/ComputerOrganization/CPU/jiyuan/cpu/pa.fromNetlist.tcl
# create_project -name cpu -dir "D:/Junior/ComputerOrganization/CPU/jiyuan/cpu/planAhead_run_2" -part xc3s1200efg320-4
ERROR: [Common 17-53] User Exception: Project already exists on disk, please use '-force' option to overwrite: 
     D:/Junior/ComputerOrganization/CPU/jiyuan/cpu/planAhead_run_2/cpu.ppr
     D:/Junior/ComputerOrganization/CPU/jiyuan/cpu/planAhead_run_2/cpu.data

    while executing
"create_project -name cpu -dir "D:/Junior/ComputerOrganization/CPU/jiyuan/cpu/planAhead_run_2" -part xc3s1200efg320-4"
    (file "D:/Junior/ComputerOrganization/CPU/jiyuan/cpu/pa.fromNetlist.tcl" line 4)
exit
INFO: [Common 17-206] Exiting PlanAhead at Sat Nov 26 21:10:12 2016...
INFO: [Common 17-83] Releasing license: PlanAhead
