#-----------------------------------------------------------
# PlanAhead v14.7 (64-bit)
# Build 321239 by xbuild on Fri Sep 27 19:29:51 MDT 2013
# Start of session at: Sun Nov 27 16:07:27 2016
# Process ID: 336
# Log file: D:/Junior/ComputerOrganization/CPU/jiyuan/cpu/planAhead_run_4/planAhead.log
# Journal file: D:/Junior/ComputerOrganization/CPU/jiyuan/cpu/planAhead_run_4/planAhead.jou
#-----------------------------------------------------------
INFO: [Common 17-78] Attempting to get a license: PlanAhead
INFO: [Common 17-290] Got license for PlanAhead
INFO: [Device 21-36] Loading parts and site information from D:/Xilinx/14.7/ISE_DS/PlanAhead/data/parts/arch.xml
Parsing RTL primitives file [D:/Xilinx/14.7/ISE_DS/PlanAhead/data/parts/xilinx/rtl/prims/rtl_prims.xml]
Finished parsing RTL primitives file [D:/Xilinx/14.7/ISE_DS/PlanAhead/data/parts/xilinx/rtl/prims/rtl_prims.xml]
start_gui
source D:/Junior/ComputerOrganization/CPU/jiyuan/cpu/pa.fromNetlist.tcl
# create_project -name cpu -dir "D:/Junior/ComputerOrganization/CPU/jiyuan/cpu/planAhead_run_4" -part xc3s1200efg320-4
# set_property design_mode GateLvl [get_property srcset [current_run -impl]]
# set_property edif_top_file "D:/Junior/ComputerOrganization/CPU/jiyuan/cpu/cpu.ngc" [ get_property srcset [ current_run ] ]
# add_files -norecurse { {D:/Junior/ComputerOrganization/CPU/jiyuan/cpu} {ipcore_dir} }
# add_files [list {ipcore_dir/digit.ncf}] -fileset [get_property constrset [current_run]]
# add_files [list {ipcore_dir/fontRom.ncf}] -fileset [get_property constrset [current_run]]
# set_param project.pinAheadLayout  yes
# set_property target_constrs_file "cpu.ucf" [current_fileset -constrset]
Adding file 'D:/Junior/ComputerOrganization/CPU/jiyuan/cpu/cpu.ucf' to fileset 'constrs_1'
# add_files [list {cpu.ucf}] -fileset [get_property constrset [current_run]]
# link_design
Design is defaulting to srcset: sources_1
Design is defaulting to constrset: constrs_1
Design is defaulting to project part: xc3s1200efg320-4
Release 14.7 - ngc2edif P.20131013 (nt64)
Copyright (c) 1995-2013 Xilinx, Inc.  All rights reserved.
Reading design cpu.ngc ...
WARNING:NetListWriters:298 - No output is written to cpu.xncf, ignored.
Processing design ...
   Preping design's networks ...
   Preping design's macros ...
WARNING:NetListWriters:306 - Signal bus u23/Madd_romAddr_addsub0000_Madd_cy<4 :
   1> on block cpu is not reconstructed, because there are some missing bus
   signals.
WARNING:NetListWriters:306 - Signal bus u23/Madd_romAddr_not0000<8 : 1> on block
   cpu is not reconstructed, because there are some missing bus signals.
WARNING:NetListWriters:306 - Signal bus u3/tmpCommand<15 : 0> on block cpu is
   not reconstructed, because there are some missing bus signals.
WARNING:NetListWriters:306 - Signal bus u5/controllerOut<20 : 0> on block cpu is
   not reconstructed, because there are some missing bus signals.
WARNING:NetListWriters:306 - Signal bus u5/controllerOut_mux0013<20 : 0> on
   block cpu is not reconstructed, because there are some missing bus signals.
WARNING:NetListWriters:306 - Signal bus u7/immeOut<15 : 0> on block cpu is not
   reconstructed, because there are some missing bus signals.
WARNING:NetListWriters:306 - Signal bus u8/immeOut<15 : 0> on block cpu is not
   reconstructed, because there are some missing bus signals.
  finished :Prep
Writing EDIF netlist file cpu.edif ...
ngc2edif: Total memory usage is 87704 kilobytes

Parsing EDIF File [./planAhead_run_4/cpu.data/cache/cpu_ngc_zx.edif]
Finished Parsing EDIF File [./planAhead_run_4/cpu.data/cache/cpu_ngc_zx.edif]
Release 14.7 - ngc2edif P.20131013 (nt64)
Copyright (c) 1995-2013 Xilinx, Inc.  All rights reserved.
Reading design digit.ngc ...
WARNING:NetListWriters:298 - No output is written to digit.xncf, ignored.
Processing design ...
   Preping design's networks ...
   Preping design's macros ...
  finished :Prep
Writing EDIF netlist file digit.edif ...
ngc2edif: Total memory usage is 82392 kilobytes

Reading core file 'D:/Junior/ComputerOrganization/CPU/jiyuan/cpu/ipcore_dir/digit.ngc' for (cell view 'digit', library 'cpu_lib', file 'cpu.ngc')
Parsing EDIF File [./planAhead_run_4/cpu.data/cache/digit_ngc_zx.edif]
Finished Parsing EDIF File [./planAhead_run_4/cpu.data/cache/digit_ngc_zx.edif]
Release 14.7 - ngc2edif P.20131013 (nt64)
Copyright (c) 1995-2013 Xilinx, Inc.  All rights reserved.
Reading design fontRom.ngc ...
WARNING:NetListWriters:298 - No output is written to fontRom.xncf, ignored.
Processing design ...
   Preping design's networks ...
   Preping design's macros ...
  finished :Prep
Writing EDIF netlist file fontRom.edif ...
ngc2edif: Total memory usage is 81752 kilobytes

Reading core file 'D:/Junior/ComputerOrganization/CPU/jiyuan/cpu/ipcore_dir/fontRom.ngc' for (cell view 'fontRom', library 'cpu_lib', file 'cpu.ngc')
Parsing EDIF File [./planAhead_run_4/cpu.data/cache/fontRom_ngc_zx.edif]
Finished Parsing EDIF File [./planAhead_run_4/cpu.data/cache/fontRom_ngc_zx.edif]
INFO: [Designutils 20-910] Reading macro library D:/Xilinx/14.7/ISE_DS/PlanAhead/data\./parts/xilinx/spartan3e/spartan3e/hd_int_macros.edn
Parsing EDIF File [D:/Xilinx/14.7/ISE_DS/PlanAhead/data\./parts/xilinx/spartan3e/spartan3e/hd_int_macros.edn]
Finished Parsing EDIF File [D:/Xilinx/14.7/ISE_DS/PlanAhead/data\./parts/xilinx/spartan3e/spartan3e/hd_int_macros.edn]
WARNING: [Netlist 29-43] Netlist 'cpu' is not ideal for floorplanning, since the cellview 'cpu' defined in file 'cpu.ngc' contains large number of primitives.  Please consider enabling hierarchy in synthesis if you want to do floorplanning.
Loading clock regions from D:/Xilinx/14.7/ISE_DS/PlanAhead/data\parts/xilinx/spartan3e/spartan3e/xc3s1200e/ClockRegion.xml
Loading clock buffers from D:/Xilinx/14.7/ISE_DS/PlanAhead/data\parts/xilinx/spartan3e/spartan3e/xc3s1200e/ClockBuffers.xml
Loading package from D:/Xilinx/14.7/ISE_DS/PlanAhead/data\parts/xilinx/spartan3e/spartan3e/xc3s1200e/fg320/Package.xml
Loading io standards from D:/Xilinx/14.7/ISE_DS/PlanAhead/data\./parts/xilinx/spartan3e/IOStandards.xml
INFO: [Device 21-19] Loading pkg sso from D:/Xilinx/14.7/ISE_DS/PlanAhead/data\parts/xilinx/spartan3e/spartan3e/xc3s1200e/fg320/SSORules.xml
Loading list of drcs for the architecture : D:/Xilinx/14.7/ISE_DS/PlanAhead/data\./parts/xilinx/spartan3e/spartan3e/drc.xml
INFO: [Timing 38-77] Reading timing library D:/Xilinx/14.7/ISE_DS/PlanAhead/data\parts/xilinx/spartan3e/spartan3e/spartan3e-4.lib.
INFO: [Timing 38-34] Done reading timing library D:/Xilinx/14.7/ISE_DS/PlanAhead/data\parts/xilinx/spartan3e/spartan3e/spartan3e-4.lib.
Parsing UCF File [D:/Junior/ComputerOrganization/CPU/jiyuan/cpu/ipcore_dir/digit.ncf]
Finished Parsing UCF File [D:/Junior/ComputerOrganization/CPU/jiyuan/cpu/ipcore_dir/digit.ncf]
Parsing UCF File [D:/Junior/ComputerOrganization/CPU/jiyuan/cpu/ipcore_dir/fontRom.ncf]
Finished Parsing UCF File [D:/Junior/ComputerOrganization/CPU/jiyuan/cpu/ipcore_dir/fontRom.ncf]
Parsing UCF File [D:/Junior/ComputerOrganization/CPU/jiyuan/cpu/cpu.ucf]
Finished Parsing UCF File [D:/Junior/ComputerOrganization/CPU/jiyuan/cpu/cpu.ucf]
INFO: [Project 1-111] Unisim Transformation Summary:
No Unisim elements were transformed.

Phase 0 | Netlist Checksum: 997c0d5b
link_design: Time (s): elapsed = 00:00:13 . Memory (MB): peak = 567.828 ; gain = 139.430
startgroup
set_property package_pin K4 [get_ports {flashAddr[22]}]
endgroup
startgroup
set_property package_pin K5 [get_ports {flashAddr[21]}]
endgroup
startgroup
set_property package_pin K6 [get_ports {flashAddr[20]}]
endgroup
startgroup
set_property package_pin L1 [get_ports {flashAddr[19]}]
endgroup
startgroup
set_property package_pin L2 [get_ports {flashAddr[18]}]
endgroup
startgroup
set_property package_pin L3 [get_ports {flashAddr[17]}]
endgroup
startgroup
set_property package_pin L4 [get_ports {flashAddr[16]}]
endgroup
startgroup
set_property package_pin L5 [get_ports {flashAddr[15]}]
endgroup
startgroup
set_property package_pin L6 [get_ports {flashAddr[14]}]
endgroup
startgroup
set_property package_pin M3 [get_ports {flashAddr[13]}]
endgroup
startgroup
set_property package_pin M4 [get_ports {flashAddr[12]}]
endgroup
startgroup
set_property package_pin M5 [get_ports {flashAddr[11]}]
endgroup
startgroup
set_property package_pin M6 [get_ports {flashAddr[10]}]
endgroup
startgroup
set_property package_pin N4 [get_ports {flashAddr[9]}]
endgroup
startgroup
set_property package_pin N5 [get_ports {flashAddr[8]}]
endgroup
startgroup
set_property package_pin P1 [get_ports {flashAddr[7]}]
endgroup
startgroup
set_property package_pin P2 [get_ports {flashAddr[6]}]
endgroup
startgroup
set_property package_pin P3 [get_ports {flashAddr[5]}]
endgroup
startgroup
set_property package_pin P4 [get_ports {flashAddr[4]}]
endgroup
startgroup
set_property package_pin R2 [get_ports {flashAddr[3]}]
endgroup
startgroup
set_property package_pin R3 [get_ports {flashAddr[2]}]
endgroup
startgroup
set_property package_pin T1 [get_ports {flashAddr[1]}]
endgroup
startgroup
set_property package_pin T2 [get_ports {flashAddr[0]}]
endgroup
startgroup
set_property package_pin F1 [get_ports {flashData[15]}]
endgroup
startgroup
set_property package_pin F2 [get_ports {flashData[14]}]
endgroup
startgroup
set_property package_pin G3 [get_ports {flashData[13]}]
endgroup
startgroup
set_property package_pin G4 [get_ports {flashData[12]}]
endgroup
startgroup
set_property package_pin G5 [get_ports {flashData[11]}]
endgroup
startgroup
set_property package_pin G6 [get_ports {flashData[10]}]
endgroup
startgroup
set_property package_pin H1 [get_ports {flashData[9]}]
endgroup
startgroup
set_property package_pin H2 [get_ports {flashData[8]}]
endgroup
startgroup
set_property package_pin H3 [get_ports {flashData[7]}]
endgroup
startgroup
set_property package_pin H4 [get_ports {flashData[6]}]
endgroup
startgroup
set_property package_pin H5 [get_ports {flashData[5]}]
endgroup
startgroup
set_property package_pin H6 [get_ports {flashData[4]}]
endgroup
startgroup
set_property package_pin J1 [get_ports {flashData[3]}]
endgroup
startgroup
set_property package_pin J2 [get_ports {flashData[2]}]
endgroup
startgroup
set_property package_pin J4 [get_ports {flashData[1]}]
endgroup
startgroup
set_property package_pin J5 [get_ports {flashData[0]}]
endgroup
startgroup
set_property package_pin C1 [get_ports flashByte]
endgroup
startgroup
set_property package_pin E4 [get_ports flashCe]
endgroup
startgroup
set_property package_pin E1 [get_ports flashOe]
endgroup
startgroup
set_property package_pin D1 [get_ports flashRp]
endgroup
startgroup
set_property package_pin C2 [get_ports flashVpen]
endgroup
startgroup
set_property package_pin D4 [get_ports flashWe]
endgroup
save_constraints
startgroup
set_property package_pin U9 [get_ports clkIn]
endgroup
save_constraints -force
startgroup
set_property package_pin B9 [get_ports clkIn]
endgroup
save_constraints -force
startgroup
set_property package_pin U9 [get_ports clkIn]
endgroup
save_constraints -force
